<?xml version="1.0" encoding="UTF-8"?>
<!-- Generated by org.testng.reporters.JUnitReportReporter -->
<testsuite skipped="0" hostname="GINBAKS" name="test.API.TestApiResponseScheme" tests="1" failures="0" timestamp="16 Jun 2020 10:00:13 GMT" time="2.485" errors="0">
  <testcase name="testApiResponseScheme" time="2.485" classname="test.API.TestApiResponseScheme"/>
</testsuite> <!-- test.API.TestApiResponseScheme -->
