<?xml version="1.0" encoding="UTF-8"?>
<!-- Generated by org.testng.reporters.JUnitReportReporter -->
<testsuite skipped="0" hostname="GINBAKS" name="test.API.TestApiResponses" tests="7" failures="0" timestamp="16 Jun 2020 19:02:40 GMT" time="1.339" errors="0">
  <testcase name="testApiResponseInvalidCityName" time="0.629" classname="test.API.TestApiResponses"/>
  <testcase name="testApiResponseInvalidKey" time="0.112" classname="test.API.TestApiResponses"/>
  <testcase name="testApiResponseInvalidCityID" time="0.110" classname="test.API.TestApiResponses"/>
  <testcase name="testApiResponseVerifyCityID" time="0.120" classname="test.API.TestApiResponses"/>
  <testcase name="testApiResponseZipCode" time="0.140" classname="test.API.TestApiResponses"/>
  <testcase name="testApiCallByCoordinates" time="0.116" classname="test.API.TestApiResponses"/>
  <testcase name="testApiResponseVerifyMultilingualSupport" time="0.112" classname="test.API.TestApiResponses"/>
</testsuite> <!-- test.API.TestApiResponses -->
