<?xml version="1.0" encoding="UTF-8"?>
<!-- Generated by org.testng.reporters.JUnitReportReporter -->
<testsuite skipped="0" hostname="GINBAKS" name="test.TestApiResponseScheme" tests="1" failures="0" timestamp="14 Jun 2020 14:53:16 GMT" time="1.821" errors="0">
  <testcase name="testApiResponseScheme" time="1.821" classname="test.TestApiResponseScheme"/>
</testsuite> <!-- test.TestApiResponseScheme -->
