<?xml version="1.0" encoding="UTF-8"?>
<!-- Generated by org.testng.reporters.JUnitReportReporter -->
<testsuite skipped="0" hostname="GINBAKS" name="test.TestApiResponses" tests="7" failures="0" timestamp="15 Jun 2020 22:07:36 GMT" time="1.213" errors="0">
  <testcase name="testApiResponseInvalidCityName" time="0.534" classname="test.TestApiResponses"/>
  <testcase name="testApiResponseInvalidKey" time="0.112" classname="test.TestApiResponses"/>
  <testcase name="testApiResponseInvalidCityID" time="0.105" classname="test.TestApiResponses"/>
  <testcase name="testApiResponseVerifyCityID" time="0.110" classname="test.TestApiResponses"/>
  <testcase name="testApiResponseVerifyZipCode" time="0.138" classname="test.TestApiResponses"/>
  <testcase name="testApiResponseVerifyCoordinates" time="0.112" classname="test.TestApiResponses"/>
  <testcase name="testApiResponseVerifyMultilingualSupport" time="0.102" classname="test.TestApiResponses"/>
</testsuite> <!-- test.TestApiResponses -->
