<?xml version="1.0" encoding="UTF-8"?>
<!-- Generated by org.testng.reporters.JUnitReportReporter -->
<testsuite skipped="0" hostname="GINBAKS" name="test.UI.TestApiKeyGeneration" tests="1" failures="0" timestamp="16 Jun 2020 10:11:13 GMT" time="4.425" errors="0">
  <testcase name="testApiKeysGeneration" time="4.425" classname="test.UI.TestApiKeyGeneration"/>
</testsuite> <!-- test.UI.TestApiKeyGeneration -->
