<?xml version="1.0" encoding="UTF-8"?>
<!-- Generated by org.testng.reporters.JUnitReportReporter -->
<testsuite skipped="7" hostname="GINBAKS" name="test.API.TestApiResponses" tests="8" failures="0" timestamp="16 Jun 2020 09:33:37 GMT" time="722.552" errors="1">
  <testcase name="preconditions" time="722.552" classname="test.API.TestApiResponses">
    <error type="org.awaitility.core.ConditionTimeoutException" message="Condition with lambda expression in test.API.AbstractApiTest that uses java.lang.String was not fulfilled within 12 minutes.">
      <![CDATA[org.awaitility.core.ConditionTimeoutException: Condition with lambda expression in test.API.AbstractApiTest that uses java.lang.String was not fulfilled within 12 minutes.
at org.awaitility.core.ConditionAwaiter.await(ConditionAwaiter.java:136)
at org.awaitility.core.CallableCondition.await(CallableCondition.java:79)
at org.awaitility.core.CallableCondition.await(CallableCondition.java:27)
at org.awaitility.core.ConditionFactory.until(ConditionFactory.java:840)
at org.awaitility.core.ConditionFactory.until(ConditionFactory.java:802)
at test.API.AbstractApiTest.waitForApiKeyActivation(AbstractApiTest.java:28)
at test.API.TestApiResponses.preconditions(TestApiResponses.java:22)
at sun.reflect.NativeMethodAccessorImpl.invoke0(Native Method)
at sun.reflect.NativeMethodAccessorImpl.invoke(NativeMethodAccessorImpl.java:62)
at sun.reflect.DelegatingMethodAccessorImpl.invoke(DelegatingMethodAccessorImpl.java:43)
at java.lang.reflect.Method.invoke(Method.java:498)
at org.testng.internal.MethodInvocationHelper.invokeMethod(MethodInvocationHelper.java:124)
at org.testng.internal.MethodInvocationHelper.invokeMethodConsideringTimeout(MethodInvocationHelper.java:59)
at org.testng.internal.Invoker.invokeConfigurationMethod(Invoker.java:458)
at org.testng.internal.Invoker.invokeConfigurations(Invoker.java:222)
at org.testng.internal.Invoker.invokeConfigurations(Invoker.java:142)
at org.testng.internal.TestMethodWorker.invokeBeforeClassMethods(TestMethodWorker.java:168)
at org.testng.internal.TestMethodWorker.run(TestMethodWorker.java:105)
at org.testng.TestRunner.privateRun(TestRunner.java:648)
at org.testng.TestRunner.run(TestRunner.java:505)
at org.testng.SuiteRunner.runTest(SuiteRunner.java:455)
at org.testng.SuiteRunner.runSequentially(SuiteRunner.java:450)
at org.testng.SuiteRunner.privateRun(SuiteRunner.java:415)
at org.testng.SuiteRunner.run(SuiteRunner.java:364)
at org.testng.SuiteRunnerWorker.runSuite(SuiteRunnerWorker.java:52)
at org.testng.SuiteRunnerWorker.run(SuiteRunnerWorker.java:84)
at org.testng.TestNG.runSuitesSequentially(TestNG.java:1208)
at org.testng.TestNG.runSuitesLocally(TestNG.java:1137)
at org.testng.TestNG.runSuites(TestNG.java:1049)
at org.testng.TestNG.run(TestNG.java:1017)
at org.testng.remote.AbstractRemoteTestNG.run(AbstractRemoteTestNG.java:115)
at org.testng.remote.RemoteTestNG.initAndRun(RemoteTestNG.java:251)
at org.testng.remote.RemoteTestNG.main(RemoteTestNG.java:77)
]]>
    </error>
  </testcase> <!-- preconditions -->
  <testcase name="testApiResponseInvalidCityName" time="0.000" classname="test.API.TestApiResponses">
    <skipped/>
  </testcase> <!-- testApiResponseInvalidCityName -->
  <testcase name="testApiResponseInvalidKey" time="0.000" classname="test.API.TestApiResponses">
    <skipped/>
  </testcase> <!-- testApiResponseInvalidKey -->
  <testcase name="testApiResponseInvalidCityID" time="0.000" classname="test.API.TestApiResponses">
    <skipped/>
  </testcase> <!-- testApiResponseInvalidCityID -->
  <testcase name="testApiResponseVerifyCityID" time="0.000" classname="test.API.TestApiResponses">
    <skipped/>
  </testcase> <!-- testApiResponseVerifyCityID -->
  <testcase name="testApiResponseVerifyZipCode" time="0.000" classname="test.API.TestApiResponses">
    <skipped/>
  </testcase> <!-- testApiResponseVerifyZipCode -->
  <testcase name="testApiResponseVerifyCoordinates" time="0.000" classname="test.API.TestApiResponses">
    <skipped/>
  </testcase> <!-- testApiResponseVerifyCoordinates -->
  <testcase name="testApiResponseVerifyMultilingualSupport" time="0.000" classname="test.API.TestApiResponses">
    <skipped/>
  </testcase> <!-- testApiResponseVerifyMultilingualSupport -->
</testsuite> <!-- test.API.TestApiResponses -->
