<?xml version="1.0" encoding="UTF-8"?>
<!-- Generated by org.testng.reporters.JUnitReportReporter -->
<testsuite skipped="0" hostname="GINBAKS" name="test.TestApiKeyGeneration" tests="1" failures="0" timestamp="15 Jun 2020 22:07:36 GMT" time="4.542" errors="0">
  <testcase name="testApiKeysGeneration" time="4.542" classname="test.TestApiKeyGeneration"/>
</testsuite> <!-- test.TestApiKeyGeneration -->
