<?xml version="1.0" encoding="UTF-8"?>
<!-- Generated by org.testng.reporters.JUnitReportReporter -->
<testsuite skipped="0" hostname="GINBAKS" name="test.TestApiResponseBodyScheme" tests="1" failures="0" timestamp="13 Jun 2020 19:19:16 GMT" time="1.656" errors="0">
  <testcase name="testApiResponseVerifyCityID" time="1.656" classname="test.TestApiResponseBodyScheme"/>
</testsuite> <!-- test.TestApiResponseBodyScheme -->
