<?xml version="1.0" encoding="UTF-8"?>
<!-- Generated by org.testng.reporters.JUnitReportReporter -->
<testsuite skipped="0" hostname="GINBAKS" name="test.API.TestApiCalls" tests="7" failures="0" timestamp="16 Jun 2020 21:23:28 GMT" time="1.203" errors="0">
  <testcase name="testApiCallByCityNameInvalid" time="0.515" classname="test.API.TestApiCalls"/>
  <testcase name="testApiCallByKeyInvalid" time="0.110" classname="test.API.TestApiCalls"/>
  <testcase name="testApiCallByCityIdInvalid" time="0.109" classname="test.API.TestApiCalls"/>
  <testcase name="testApiCallByCityID" time="0.125" classname="test.API.TestApiCalls"/>
  <testcase name="testApiCallByZipCode" time="0.125" classname="test.API.TestApiCalls"/>
  <testcase name="testApiCallByCoordinates" time="0.109" classname="test.API.TestApiCalls"/>
  <testcase name="testApiCallVerifyMultilingualSupport" time="0.110" classname="test.API.TestApiCalls"/>
</testsuite> <!-- test.API.TestApiCalls -->
