<?xml version="1.0" encoding="UTF-8"?>
<!-- Generated by org.testng.reporters.JUnitReportReporter -->
<testsuite skipped="0" hostname="GINBAKS" name="test.API.TestApiResponseScheme" tests="1" failures="0" timestamp="16 Jun 2020 21:23:28 GMT" time="0.671" errors="0">
  <testcase name="testApiResponseScheme" time="0.671" classname="test.API.TestApiResponseScheme"/>
</testsuite> <!-- test.API.TestApiResponseScheme -->
