<?xml version="1.0" encoding="UTF-8"?>
<!-- Generated by org.testng.reporters.JUnitReportReporter -->
<testsuite hostname="GINBAKS" failures="0" tests="7" name="test.API.TestApiResponses" time="1.217" errors="0" timestamp="16 Jun 2020 21:02:27 GMT" skipped="0">
  <testcase classname="test.API.TestApiResponses" name="testApiResponseInvalidCityName" time="0.518"/>
  <testcase classname="test.API.TestApiResponses" name="testApiResponseInvalidKey" time="0.108"/>
  <testcase classname="test.API.TestApiResponses" name="testApiResponseInvalidCityID" time="0.104"/>
  <testcase classname="test.API.TestApiResponses" name="testApiResponseVerifyCityID" time="0.124"/>
  <testcase classname="test.API.TestApiResponses" name="testApiResponseZipCode" time="0.149"/>
  <testcase classname="test.API.TestApiResponses" name="testApiCallByCoordinates" time="0.110"/>
  <testcase classname="test.API.TestApiResponses" name="testApiResponseVerifyMultilingualSupport" time="0.104"/>
</testsuite> <!-- test.API.TestApiResponses -->
