<?xml version="1.0" encoding="UTF-8"?>
<!-- Generated by org.testng.reporters.JUnitReportReporter -->
<testsuite hostname="GINBAKS" failures="0" tests="1" name="test.UI.TestApiKeyGeneration" time="4.988" errors="0" timestamp="16 Jun 2020 21:02:27 GMT" skipped="0">
  <testcase classname="test.UI.TestApiKeyGeneration" name="testApiKeysGeneration" time="4.988"/>
</testsuite> <!-- test.UI.TestApiKeyGeneration -->
