<?xml version="1.0" encoding="UTF-8"?>
<!-- Generated by org.testng.reporters.JUnitReportReporter -->
<testsuite hostname="GINBAKS" failures="0" tests="1" name="test.TestApiKeyGeneration" time="4.538" errors="0" timestamp="15 Jun 2020 09:52:36 GMT" skipped="0">
  <testcase classname="test.TestApiKeyGeneration" name="testApiKeysGeneration" time="4.538"/>
</testsuite> <!-- test.TestApiKeyGeneration -->
