<?xml version="1.0" encoding="UTF-8"?>
<!-- Generated by org.testng.reporters.JUnitReportReporter -->
<testsuite hostname="GINBAKS" failures="0" tests="1" name="test.API.TestApiResponseScheme" time="0.576" errors="0" timestamp="16 Jun 2020 21:02:27 GMT" skipped="0">
  <testcase classname="test.API.TestApiResponseScheme" name="testApiResponseScheme" time="0.576"/>
</testsuite> <!-- test.API.TestApiResponseScheme -->
